"Task Aware Debugger for GDB" version 11.7.1 (202303141002)
(c) 2016-2022 NXP Semiconductors, Inc.
==================================
00:29:06.351 INFO: [ZephyrRTOS] .config file could not be read [C:\Users\notebook\Documents\INFO II 2023\TPO\TPO_INFOII\micro\LPC845_TPO\Debug\.config (El sistema no puede encontrar el archivo especificado)]
00:29:06.352 INFO: [TadModel] DSF session ID 3 has started.
00:29:15.989 INFO: [TadState] TAD state changed: DEBUG_STARTED -> DEBUG_INIT_0 (RESUMED, USER_REQUEST)
00:29:16.34 INFO: [TadState] TAD state changed: DEBUG_INIT_0 -> DEBUG_INIT_1 (SUSPENDED, SIGNAL)
00:29:18.417 INFO: [TadState] TAD state changed: DEBUG_INIT_1 -> DEBUG_SUSPENDED (RESUMED, USER_REQUEST)
00:29:18.616 INFO: [TadState] TAD state changed: DEBUG_SUSPENDED -> DEBUG_SUSPENDED (SUSPENDED, BREAKPOINT)
00:29:22.994 INFO: [TadState] TAD state changed: DEBUG_SUSPENDED -> DEBUG_RESUMED (RESUMED, USER_REQUEST)
00:29:24.147 INFO: [TadState] TAD state changed: DEBUG_RESUMED -> READY (SUSPENDED, BREAKPOINT)
00:29:28.903 INFO: [TadState] TAD state changed: READY -> DEBUG_RESUMED (RESUMED, USER_REQUEST)
00:29:29.115 INFO: [TadState] TAD state changed: DEBUG_RESUMED -> READY (SUSPENDED, BREAKPOINT)
00:29:30.832 INFO: [TadState] TAD state changed: READY -> DEBUG_RESUMED (RESUMED, USER_REQUEST)
00:29:31.456 INFO: [TadState] TAD state changed: DEBUG_RESUMED -> READY (SUSPENDED, BREAKPOINT)
00:29:32.539 INFO: [TadState] TAD state changed: READY -> DEBUG_RESUMED (RESUMED, USER_REQUEST)
00:29:32.775 INFO: [TadState] TAD state changed: DEBUG_RESUMED -> READY (SUSPENDED, BREAKPOINT)
00:29:36.458 INFO: [TadState] TAD state changed: READY -> DEBUG_RESUMED (RESUMED, USER_REQUEST)
00:29:37.34 INFO: [TadState] TAD state changed: DEBUG_RESUMED -> READY (SUSPENDED, BREAKPOINT)
00:29:56.692 INFO: [TadState] TAD state changed: READY -> DEBUG_RESUMED (RESUMED, USER_REQUEST)
00:29:57.324 INFO: [TadState] TAD state changed: DEBUG_RESUMED -> READY (SUSPENDED, BREAKPOINT)
00:29:58.329 INFO: [TadState] TAD state changed: READY -> DEBUG_RESUMED (RESUMED, USER_REQUEST)
00:29:58.999 INFO: [TadState] TAD state changed: DEBUG_RESUMED -> READY (SUSPENDED, BREAKPOINT)
00:29:59.769 INFO: [TadState] TAD state changed: READY -> DEBUG_RESUMED (RESUMED, USER_REQUEST)
00:29:59.986 INFO: [TadState] TAD state changed: DEBUG_RESUMED -> READY (SUSPENDED, BREAKPOINT)
00:30:18.990 INFO: [TadState] TAD state changed: READY -> DEBUG_RESUMED (RESUMED, USER_REQUEST)
00:30:19.669 INFO: [TadState] TAD state changed: DEBUG_RESUMED -> READY (SUSPENDED, BREAKPOINT)
00:32:09.541 INFO: [TadState] TAD state changed: READY -> DEBUG_RESUMED (RESUMED, USER_REQUEST)
00:32:10.189 INFO: [TadState] TAD state changed: DEBUG_RESUMED -> READY (SUSPENDED, BREAKPOINT)
00:32:12.453 INFO: [TadState] TAD state changed: READY -> DEBUG_RESUMED (RESUMED, USER_REQUEST)
00:32:13.122 INFO: [TadState] TAD state changed: DEBUG_RESUMED -> READY (SUSPENDED, BREAKPOINT)
00:32:45.226 INFO: [TadState] TAD state changed: READY -> DEBUG_RESUMED (RESUMED, USER_REQUEST)
00:32:45.868 INFO: [TadState] TAD state changed: DEBUG_RESUMED -> READY (SUSPENDED, BREAKPOINT)
00:34:59.794 INFO: [TadModel] DSF session ID 3 has ended.
