22:32:40 **** Incremental Build of configuration Debug for project LPC845_CPP_R2052_ANTIREBOTE_TECLADO ****
make -r -j4 all 
Building file: ../src/LPC845_CPP_R2052.cpp
Building file: ../src/cr_startup_lpc84x.cpp
Building file: ../src/crp.c
Building file: ../src/mtb.c
Invoking: MCU C++ Compiler
arm-none-eabi-c++ -DDEBUG -D__CODE_RED -D__NEWLIB__ -DCORE_M0PLUS -D__MTB_BUFFER_SIZE=256 -D__USE_ROMDIVIDE -DCPP_USE_HEAP -D__LPC84X__ -I"C:\Users\notebook\Documents\INFO II 2023\micro\LPC845_CPP_R2052_ANTIREBOTE_TECLADO\inc" -I"C:\Users\notebook\Documents\INFO II 2023\micro\LPC845_CPP_R2052_ANTIREBOTE_TECLADO\src\TECLADO_Driver" -I"C:\Users\notebook\Documents\INFO II 2023\micro\LPC845_CPP_R2052_ANTIREBOTE_TECLADO\src\UTILS\CALLBACK" -I"C:\Users\notebook\Documents\INFO II 2023\micro\LPC845_CPP_R2052_ANTIREBOTE_TECLADO\src\GPIOF_Driver" -I"C:\Users\notebook\Documents\INFO II 2023\micro\LPC845_CPP_R2052_ANTIREBOTE_TECLADO\src\TIMERSW_Driver" -I"C:\Users\notebook\Documents\INFO II 2023\micro\LPC845_CPP_R2052_ANTIREBOTE_TECLADO\src\SYSTICK_Driver" -I"C:\Users\notebook\Documents\INFO II 2023\micro\LPC845_CPP_R2052_ANTIREBOTE_TECLADO\src\GPIO_Driver" -O0 -fno-common -g3 -Wall -c -fmessage-length=0 -fno-builtin -ffunction-sections -fdata-sections -fno-rtti -fno-exceptions -fmerge-constants -fmacro-prefix-map="../src/"= -mcpu=cortex-m0 -mthumb -fstack-usage -MMD -MP -MF"src/cr_startup_lpc84x.d" -MT"src/cr_startup_lpc84x.o" -MT"src/cr_startup_lpc84x.d" -o "src/cr_startup_lpc84x.o" "../src/cr_startup_lpc84x.cpp"
Invoking: MCU C++ Compiler
Invoking: MCU C Compiler
arm-none-eabi-c++ -DDEBUG -D__CODE_RED -D__NEWLIB__ -DCORE_M0PLUS -D__MTB_BUFFER_SIZE=256 -D__USE_ROMDIVIDE -DCPP_USE_HEAP -D__LPC84X__ -I"C:\Users\notebook\Documents\INFO II 2023\micro\LPC845_CPP_R2052_ANTIREBOTE_TECLADO\inc" -I"C:\Users\notebook\Documents\INFO II 2023\micro\LPC845_CPP_R2052_ANTIREBOTE_TECLADO\src\TECLADO_Driver" -I"C:\Users\notebook\Documents\INFO II 2023\micro\LPC845_CPP_R2052_ANTIREBOTE_TECLADO\src\UTILS\CALLBACK" -I"C:\Users\notebook\Documents\INFO II 2023\micro\LPC845_CPP_R2052_ANTIREBOTE_TECLADO\src\GPIOF_Driver" -I"C:\Users\notebook\Documents\INFO II 2023\micro\LPC845_CPP_R2052_ANTIREBOTE_TECLADO\src\TIMERSW_Driver" -I"C:\Users\notebook\Documents\INFO II 2023\micro\LPC845_CPP_R2052_ANTIREBOTE_TECLADO\src\SYSTICK_Driver" -I"C:\Users\notebook\Documents\INFO II 2023\micro\LPC845_CPP_R2052_ANTIREBOTE_TECLADO\src\GPIO_Driver" -O0 -fno-common -g3 -Wall -c -fmessage-length=0 -fno-builtin -ffunction-sections -fdata-sections -fno-rtti -fno-exceptions -fmerge-constants -fmacro-prefix-map="../src/"= -mcpu=cortex-m0 -mthumb -fstack-usage -MMD -MP -MF"src/LPC845_CPP_R2052.d" -MT"src/LPC845_CPP_R2052.o" -MT"src/LPC845_CPP_R2052.d" -o "src/LPC845_CPP_R2052.o" "../src/LPC845_CPP_R2052.cpp"
Invoking: MCU C Compiler
arm-none-eabi-gcc -DDEBUG -D__CODE_RED -D__NEWLIB__ -DCORE_M0PLUS -D__MTB_BUFFER_SIZE=256 -D__USE_ROMDIVIDE -DCPP_USE_HEAP -D__LPC84X__ -O0 -fno-common -g3 -Wall -c -fmessage-length=0 -fno-builtin -ffunction-sections -fdata-sections -fmerge-constants -fmacro-prefix-map="../src/"= -mcpu=cortex-m0 -mthumb -fstack-usage -MMD -MP -MF"src/crp.d" -MT"src/crp.o" -MT"src/crp.d" -o "src/crp.o" "../src/crp.c"
arm-none-eabi-gcc -DDEBUG -D__CODE_RED -D__NEWLIB__ -DCORE_M0PLUS -D__MTB_BUFFER_SIZE=256 -D__USE_ROMDIVIDE -DCPP_USE_HEAP -D__LPC84X__ -O0 -fno-common -g3 -Wall -c -fmessage-length=0 -fno-builtin -ffunction-sections -fdata-sections -fmerge-constants -fmacro-prefix-map="../src/"= -mcpu=cortex-m0 -mthumb -fstack-usage -MMD -MP -MF"src/mtb.d" -MT"src/mtb.o" -MT"src/mtb.d" -o "src/mtb.o" "../src/mtb.c"
Finished building: ../src/crp.c
Finished building: ../src/mtb.c
Finished building: ../src/cr_startup_lpc84x.cpp
 
 
 
Finished building: ../src/LPC845_CPP_R2052.cpp
 
Building target: LPC845_CPP_R2052_ANTIREBOTE_TECLADO.axf
Invoking: MCU C++ Linker
arm-none-eabi-c++ -nostdlib -Xlinker -Map="LPC845_CPP_R2052_ANTIREBOTE_TECLADO.map" -Xlinker --cref -Xlinker --gc-sections -Xlinker -print-memory-usage -mcpu=cortex-m0 -mthumb -T LPC845_CPP_R2052_ANTIREBOTE_TECLADO_Debug.ld -o "LPC845_CPP_R2052_ANTIREBOTE_TECLADO.axf" ./src/UTILS/CALLBACK/CALLBACK.o  ./src/TIMERSW_Driver/TIMERSW.o  ./src/TECLADO_Driver/teclado.o  ./src/SYSTICK_Driver/SYSTICK.o  ./src/GPIO_Driver/GPIO.o  ./src/GPIOF_Driver/GPIOF.o  ./src/LPC845_CPP_R2052.o ./src/aeabi_romdiv_patch.o ./src/cr_cpp_config.o ./src/cr_startup_lpc84x.o ./src/crp.o ./src/mtb.o   
Memory region         Used Size  Region Size  %age Used
        MFlash64:       20516 B        64 KB     31.30%
        RamLoc16:        2568 B        16 KB     15.67%
Finished building target: LPC845_CPP_R2052_ANTIREBOTE_TECLADO.axf
 
Performing post-build steps
arm-none-eabi-size "LPC845_CPP_R2052_ANTIREBOTE_TECLADO.axf"; # arm-none-eabi-objcopy -v -O binary "LPC845_CPP_R2052_ANTIREBOTE_TECLADO.axf" "LPC845_CPP_R2052_ANTIREBOTE_TECLADO.bin" ; # checksum -p LPC845 -d "LPC845_CPP_R2052_ANTIREBOTE_TECLADO.bin";
   text	   data	    bss	    dec	    hex	filename
  18392	   2124	    444	  20960	   51e0	LPC845_CPP_R2052_ANTIREBOTE_TECLADO.axf
 

22:32:42 Build Finished. 0 errors, 0 warnings. (took 1s.753ms)

