00:18:54 **** Build of configuration Debug for project LPC845_ADC ****
make -r -j4 all 
Building file: ../src/UTILS/CALLBACK/CALLBACK.cpp
Building file: ../src/UART0_Driver/uart0.cpp
Building file: ../src/TIMERSW_Driver/TIMERSW.cpp
Building file: ../src/TECLADO_Driver/teclado.cpp
Invoking: MCU C++ Compiler
Invoking: MCU C++ Compiler
Invoking: MCU C++ Compiler
arm-none-eabi-c++ -DDEBUG -D__CODE_RED -D__NEWLIB__ -DCORE_M0PLUS -D__MTB_BUFFER_SIZE=256 -D__USE_ROMDIVIDE -DCPP_USE_HEAP -D__LPC84X__ -I"C:\Users\notebook\Documents\INFO II 2023\TPO\TPO_INFOII\micro\LPC845_ADC\inc" -I"C:\Users\notebook\Documents\INFO II 2023\TPO\TPO_INFOII\micro\LPC845_ADC\src\UART0_Driver" -I"C:\Users\notebook\Documents\INFO II 2023\TPO\TPO_INFOII\micro\LPC845_ADC\src\ADC_Driver" -I"C:\Users\notebook\Documents\INFO II 2023\TPO\TPO_INFOII\micro\LPC845_ADC\src\TECLADO_Driver" -I"C:\Users\notebook\Documents\INFO II 2023\TPO\TPO_INFOII\micro\LPC845_ADC\src\UTILS\CALLBACK" -I"C:\Users\notebook\Documents\INFO II 2023\TPO\TPO_INFOII\micro\LPC845_ADC\src\GPIOF_Driver" -I"C:\Users\notebook\Documents\INFO II 2023\TPO\TPO_INFOII\micro\LPC845_ADC\src\TIMERSW_Driver" -I"C:\Users\notebook\Documents\INFO II 2023\TPO\TPO_INFOII\micro\LPC845_ADC\src\SYSTICK_Driver" -I"C:\Users\notebook\Documents\INFO II 2023\TPO\TPO_INFOII\micro\LPC845_ADC\src\GPIO_Driver" -O0 -fno-common -g3 -Wall -c -fmessage-length=0 -fno-builtin -ffunction-sections -fdata-sections -fno-rtti -fno-exceptions -fmerge-constants -fmacro-prefix-map="../src/UART0_Driver/"= -mcpu=cortex-m0 -mthumb -fstack-usage -MMD -MP -MF"src/UART0_Driver/uart0.d" -MT"src/UART0_Driver/uart0.o" -MT"src/UART0_Driver/uart0.d" -o "src/UART0_Driver/uart0.o" "../src/UART0_Driver/uart0.cpp"
arm-none-eabi-c++ -DDEBUG -D__CODE_RED -D__NEWLIB__ -DCORE_M0PLUS -D__MTB_BUFFER_SIZE=256 -D__USE_ROMDIVIDE -DCPP_USE_HEAP -D__LPC84X__ -I"C:\Users\notebook\Documents\INFO II 2023\TPO\TPO_INFOII\micro\LPC845_ADC\inc" -I"C:\Users\notebook\Documents\INFO II 2023\TPO\TPO_INFOII\micro\LPC845_ADC\src\UART0_Driver" -I"C:\Users\notebook\Documents\INFO II 2023\TPO\TPO_INFOII\micro\LPC845_ADC\src\ADC_Driver" -I"C:\Users\notebook\Documents\INFO II 2023\TPO\TPO_INFOII\micro\LPC845_ADC\src\TECLADO_Driver" -I"C:\Users\notebook\Documents\INFO II 2023\TPO\TPO_INFOII\micro\LPC845_ADC\src\UTILS\CALLBACK" -I"C:\Users\notebook\Documents\INFO II 2023\TPO\TPO_INFOII\micro\LPC845_ADC\src\GPIOF_Driver" -I"C:\Users\notebook\Documents\INFO II 2023\TPO\TPO_INFOII\micro\LPC845_ADC\src\TIMERSW_Driver" -I"C:\Users\notebook\Documents\INFO II 2023\TPO\TPO_INFOII\micro\LPC845_ADC\src\SYSTICK_Driver" -I"C:\Users\notebook\Documents\INFO II 2023\TPO\TPO_INFOII\micro\LPC845_ADC\src\GPIO_Driver" -O0 -fno-common -g3 -Wall -c -fmessage-length=0 -fno-builtin -ffunction-sections -fdata-sections -fno-rtti -fno-exceptions -fmerge-constants -fmacro-prefix-map="../src/TIMERSW_Driver/"= -mcpu=cortex-m0 -mthumb -fstack-usage -MMD -MP -MF"src/TIMERSW_Driver/TIMERSW.d" -MT"src/TIMERSW_Driver/TIMERSW.o" -MT"src/TIMERSW_Driver/TIMERSW.d" -o "src/TIMERSW_Driver/TIMERSW.o" "../src/TIMERSW_Driver/TIMERSW.cpp"
arm-none-eabi-c++ -DDEBUG -D__CODE_RED -D__NEWLIB__ -DCORE_M0PLUS -D__MTB_BUFFER_SIZE=256 -D__USE_ROMDIVIDE -DCPP_USE_HEAP -D__LPC84X__ -I"C:\Users\notebook\Documents\INFO II 2023\TPO\TPO_INFOII\micro\LPC845_ADC\inc" -I"C:\Users\notebook\Documents\INFO II 2023\TPO\TPO_INFOII\micro\LPC845_ADC\src\UART0_Driver" -I"C:\Users\notebook\Documents\INFO II 2023\TPO\TPO_INFOII\micro\LPC845_ADC\src\ADC_Driver" -I"C:\Users\notebook\Documents\INFO II 2023\TPO\TPO_INFOII\micro\LPC845_ADC\src\TECLADO_Driver" -I"C:\Users\notebook\Documents\INFO II 2023\TPO\TPO_INFOII\micro\LPC845_ADC\src\UTILS\CALLBACK" -I"C:\Users\notebook\Documents\INFO II 2023\TPO\TPO_INFOII\micro\LPC845_ADC\src\GPIOF_Driver" -I"C:\Users\notebook\Documents\INFO II 2023\TPO\TPO_INFOII\micro\LPC845_ADC\src\TIMERSW_Driver" -I"C:\Users\notebook\Documents\INFO II 2023\TPO\TPO_INFOII\micro\LPC845_ADC\src\SYSTICK_Driver" -I"C:\Users\notebook\Documents\INFO II 2023\TPO\TPO_INFOII\micro\LPC845_ADC\src\GPIO_Driver" -O0 -fno-common -g3 -Wall -c -fmessage-length=0 -fno-builtin -ffunction-sections -fdata-sections -fno-rtti -fno-exceptions -fmerge-constants -fmacro-prefix-map="../src/UTILS/CALLBACK/"= -mcpu=cortex-m0 -mthumb -fstack-usage -MMD -MP -MF"src/UTILS/CALLBACK/CALLBACK.d" -MT"src/UTILS/CALLBACK/CALLBACK.o" -MT"src/UTILS/CALLBACK/CALLBACK.d" -o "src/UTILS/CALLBACK/CALLBACK.o" "../src/UTILS/CALLBACK/CALLBACK.cpp"
Invoking: MCU C++ Compiler
arm-none-eabi-c++ -DDEBUG -D__CODE_RED -D__NEWLIB__ -DCORE_M0PLUS -D__MTB_BUFFER_SIZE=256 -D__USE_ROMDIVIDE -DCPP_USE_HEAP -D__LPC84X__ -I"C:\Users\notebook\Documents\INFO II 2023\TPO\TPO_INFOII\micro\LPC845_ADC\inc" -I"C:\Users\notebook\Documents\INFO II 2023\TPO\TPO_INFOII\micro\LPC845_ADC\src\UART0_Driver" -I"C:\Users\notebook\Documents\INFO II 2023\TPO\TPO_INFOII\micro\LPC845_ADC\src\ADC_Driver" -I"C:\Users\notebook\Documents\INFO II 2023\TPO\TPO_INFOII\micro\LPC845_ADC\src\TECLADO_Driver" -I"C:\Users\notebook\Documents\INFO II 2023\TPO\TPO_INFOII\micro\LPC845_ADC\src\UTILS\CALLBACK" -I"C:\Users\notebook\Documents\INFO II 2023\TPO\TPO_INFOII\micro\LPC845_ADC\src\GPIOF_Driver" -I"C:\Users\notebook\Documents\INFO II 2023\TPO\TPO_INFOII\micro\LPC845_ADC\src\TIMERSW_Driver" -I"C:\Users\notebook\Documents\INFO II 2023\TPO\TPO_INFOII\micro\LPC845_ADC\src\SYSTICK_Driver" -I"C:\Users\notebook\Documents\INFO II 2023\TPO\TPO_INFOII\micro\LPC845_ADC\src\GPIO_Driver" -O0 -fno-common -g3 -Wall -c -fmessage-length=0 -fno-builtin -ffunction-sections -fdata-sections -fno-rtti -fno-exceptions -fmerge-constants -fmacro-prefix-map="../src/TECLADO_Driver/"= -mcpu=cortex-m0 -mthumb -fstack-usage -MMD -MP -MF"src/TECLADO_Driver/teclado.d" -MT"src/TECLADO_Driver/teclado.o" -MT"src/TECLADO_Driver/teclado.d" -o "src/TECLADO_Driver/teclado.o" "../src/TECLADO_Driver/teclado.cpp"
../src/TECLADO_Driver/teclado.cpp: In member function 'uint8_t teclado::TECLADO_Read()':
../src/TECLADO_Driver/teclado.cpp:81:1: warning: no return statement in function returning non-void [-Wreturn-type]
   81 | }
      | ^
../src/TECLADO_Driver/teclado.cpp: In member function 'uint8_t teclado::leer()':
../src/TECLADO_Driver/teclado.cpp:58:1: warning: control reaches end of non-void function [-Wreturn-type]
   58 | }
      | ^
../src/TECLADO_Driver/teclado.cpp: In member function 'void teclado::antirebote()':
../src/TECLADO_Driver/teclado.cpp:28:20: warning: 'codTeclaActual' is used uninitialized in this function [-Wuninitialized]
   28 |  if(codTeclaActual == NO_TECLA)
Finished building: ../src/UTILS/CALLBACK/CALLBACK.cpp
 
Building file: ../src/SYSTICK_Driver/SYSTICK.cpp
Finished building: ../src/TIMERSW_Driver/TIMERSW.cpp
Invoking: MCU C++ Compiler
arm-none-eabi-c++ -DDEBUG -D__CODE_RED -D__NEWLIB__ -DCORE_M0PLUS -D__MTB_BUFFER_SIZE=256 -D__USE_ROMDIVIDE -DCPP_USE_HEAP -D__LPC84X__ -I"C:\Users\notebook\Documents\INFO II 2023\TPO\TPO_INFOII\micro\LPC845_ADC\inc" -I"C:\Users\notebook\Documents\INFO II 2023\TPO\TPO_INFOII\micro\LPC845_ADC\src\UART0_Driver" -I"C:\Users\notebook\Documents\INFO II 2023\TPO\TPO_INFOII\micro\LPC845_ADC\src\ADC_Driver" -I"C:\Users\notebook\Documents\INFO II 2023\TPO\TPO_INFOII\micro\LPC845_ADC\src\TECLADO_Driver" -I"C:\Users\notebook\Documents\INFO II 2023\TPO\TPO_INFOII\micro\LPC845_ADC\src\UTILS\CALLBACK" -I"C:\Users\notebook\Documents\INFO II 2023\TPO\TPO_INFOII\micro\LPC845_ADC\src\GPIOF_Driver" -I"C:\Users\notebook\Documents\INFO II 2023\TPO\TPO_INFOII\micro\LPC845_ADC\src\TIMERSW_Driver" -I"C:\Users\notebook\Documents\INFO II 2023\TPO\TPO_INFOII\micro\LPC845_ADC\src\SYSTICK_Driver" -I"C:\Users\notebook\Documents\INFO II 2023\TPO\TPO_INFOII\micro\LPC845_ADC\src\GPIO_Driver" -O0 -fno-common -g3 -Wall -c -fmessage-length=0 -fno-builtin -ffunction-sections -fdata-sections -fno-rtti -fno-exceptions -fmerge-constants -fmacro-prefix-map="../src/SYSTICK_Driver/"= -mcpu=cortex-m0 -mthumb -fstack-usage -MMD -MP -MF"src/SYSTICK_Driver/SYSTICK.d" -MT"src/SYSTICK_Driver/SYSTICK.o" -MT"src/SYSTICK_Driver/SYSTICK.d" -o "src/SYSTICK_Driver/SYSTICK.o" "../src/SYSTICK_Driver/SYSTICK.cpp"
 
Building file: ../src/GPIO_Driver/GPIO.cpp
Invoking: MCU C++ Compiler
arm-none-eabi-c++ -DDEBUG -D__CODE_RED -D__NEWLIB__ -DCORE_M0PLUS -D__MTB_BUFFER_SIZE=256 -D__USE_ROMDIVIDE -DCPP_USE_HEAP -D__LPC84X__ -I"C:\Users\notebook\Documents\INFO II 2023\TPO\TPO_INFOII\micro\LPC845_ADC\inc" -I"C:\Users\notebook\Documents\INFO II 2023\TPO\TPO_INFOII\micro\LPC845_ADC\src\UART0_Driver" -I"C:\Users\notebook\Documents\INFO II 2023\TPO\TPO_INFOII\micro\LPC845_ADC\src\ADC_Driver" -I"C:\Users\notebook\Documents\INFO II 2023\TPO\TPO_INFOII\micro\LPC845_ADC\src\TECLADO_Driver" -I"C:\Users\notebook\Documents\INFO II 2023\TPO\TPO_INFOII\micro\LPC845_ADC\src\UTILS\CALLBACK" -I"C:\Users\notebook\Documents\INFO II 2023\TPO\TPO_INFOII\micro\LPC845_ADC\src\GPIOF_Driver" -I"C:\Users\notebook\Documents\INFO II 2023\TPO\TPO_INFOII\micro\LPC845_ADC\src\TIMERSW_Driver" -I"C:\Users\notebook\Documents\INFO II 2023\TPO\TPO_INFOII\micro\LPC845_ADC\src\SYSTICK_Driver" -I"C:\Users\notebook\Documents\INFO II 2023\TPO\TPO_INFOII\micro\LPC845_ADC\src\GPIO_Driver" -O0 -fno-common -g3 -Wall -c -fmessage-length=0 -fno-builtin -ffunction-sections -fdata-sections -fno-rtti -fno-exceptions -fmerge-constants -fmacro-prefix-map="../src/GPIO_Driver/"= -mcpu=cortex-m0 -mthumb -fstack-usage -MMD -MP -MF"src/GPIO_Driver/GPIO.d" -MT"src/GPIO_Driver/GPIO.o" -MT"src/GPIO_Driver/GPIO.d" -o "src/GPIO_Driver/GPIO.o" "../src/GPIO_Driver/GPIO.cpp"
Finished building: ../src/TECLADO_Driver/teclado.cpp
 
Building file: ../src/GPIOF_Driver/GPIOF.cpp
Invoking: MCU C++ Compiler
arm-none-eabi-c++ -DDEBUG -D__CODE_RED -D__NEWLIB__ -DCORE_M0PLUS -D__MTB_BUFFER_SIZE=256 -D__USE_ROMDIVIDE -DCPP_USE_HEAP -D__LPC84X__ -I"C:\Users\notebook\Documents\INFO II 2023\TPO\TPO_INFOII\micro\LPC845_ADC\inc" -I"C:\Users\notebook\Documents\INFO II 2023\TPO\TPO_INFOII\micro\LPC845_ADC\src\UART0_Driver" -I"C:\Users\notebook\Documents\INFO II 2023\TPO\TPO_INFOII\micro\LPC845_ADC\src\ADC_Driver" -I"C:\Users\notebook\Documents\INFO II 2023\TPO\TPO_INFOII\micro\LPC845_ADC\src\TECLADO_Driver" -I"C:\Users\notebook\Documents\INFO II 2023\TPO\TPO_INFOII\micro\LPC845_ADC\src\UTILS\CALLBACK" -I"C:\Users\notebook\Documents\INFO II 2023\TPO\TPO_INFOII\micro\LPC845_ADC\src\GPIOF_Driver" -I"C:\Users\notebook\Documents\INFO II 2023\TPO\TPO_INFOII\micro\LPC845_ADC\src\TIMERSW_Driver" -I"C:\Users\notebook\Documents\INFO II 2023\TPO\TPO_INFOII\micro\LPC845_ADC\src\SYSTICK_Driver" -I"C:\Users\notebook\Documents\INFO II 2023\TPO\TPO_INFOII\micro\LPC845_ADC\src\GPIO_Driver" -O0 -fno-common -g3 -Wall -c -fmessage-length=0 -fno-builtin -ffunction-sections -fdata-sections -fno-rtti -fno-exceptions -fmerge-constants -fmacro-prefix-map="../src/GPIOF_Driver/"= -mcpu=cortex-m0 -mthumb -fstack-usage -MMD -MP -MF"src/GPIOF_Driver/GPIOF.d" -MT"src/GPIOF_Driver/GPIOF.o" -MT"src/GPIOF_Driver/GPIOF.d" -o "src/GPIOF_Driver/GPIOF.o" "../src/GPIOF_Driver/GPIOF.cpp"
Finished building: ../src/GPIO_Driver/GPIO.cpp
Finished building: ../src/UART0_Driver/uart0.cpp
 
 
Building file: ../src/ADC_Driver/ADC.cpp
Building file: ../src/aeabi_romdiv_patch.s
Invoking: MCU C++ Compiler
arm-none-eabi-c++ -DDEBUG -D__CODE_RED -D__NEWLIB__ -DCORE_M0PLUS -D__MTB_BUFFER_SIZE=256 -D__USE_ROMDIVIDE -DCPP_USE_HEAP -D__LPC84X__ -I"C:\Users\notebook\Documents\INFO II 2023\TPO\TPO_INFOII\micro\LPC845_ADC\inc" -I"C:\Users\notebook\Documents\INFO II 2023\TPO\TPO_INFOII\micro\LPC845_ADC\src\UART0_Driver" -I"C:\Users\notebook\Documents\INFO II 2023\TPO\TPO_INFOII\micro\LPC845_ADC\src\ADC_Driver" -I"C:\Users\notebook\Documents\INFO II 2023\TPO\TPO_INFOII\micro\LPC845_ADC\src\TECLADO_Driver" -I"C:\Users\notebook\Documents\INFO II 2023\TPO\TPO_INFOII\micro\LPC845_ADC\src\UTILS\CALLBACK" -I"C:\Users\notebook\Documents\INFO II 2023\TPO\TPO_INFOII\micro\LPC845_ADC\src\GPIOF_Driver" -I"C:\Users\notebook\Documents\INFO II 2023\TPO\TPO_INFOII\micro\LPC845_ADC\src\TIMERSW_Driver" -I"C:\Users\notebook\Documents\INFO II 2023\TPO\TPO_INFOII\micro\LPC845_ADC\src\SYSTICK_Driver" -I"C:\Users\notebook\Documents\INFO II 2023\TPO\TPO_INFOII\micro\LPC845_ADC\src\GPIO_Driver" -O0 -fno-common -g3 -Wall -c -fmessage-length=0 -fno-builtin -ffunction-sections -fdata-sections -fno-rtti -fno-exceptions -fmerge-constants -fmacro-prefix-map="../src/ADC_Driver/"= -mcpu=cortex-m0 -mthumb -fstack-usage -MMD -MP -MF"src/ADC_Driver/ADC.d" -MT"src/ADC_Driver/ADC.o" -MT"src/ADC_Driver/ADC.d" -o "src/ADC_Driver/ADC.o" "../src/ADC_Driver/ADC.cpp"
Invoking: MCU Assembler
arm-none-eabi-gcc -c -x assembler-with-cpp -D__NEWLIB__ -DDEBUG -D__CODE_RED -DCORE_M0PLUS -D__USE_ROMDIVIDE -D__LPC84X__ -g3 -mcpu=cortex-m0 -mthumb -o "src/aeabi_romdiv_patch.o" "../src/aeabi_romdiv_patch.s"
Finished building: ../src/aeabi_romdiv_patch.s
 
Building file: ../src/cr_cpp_config.cpp
Invoking: MCU C++ Compiler
arm-none-eabi-c++ -DDEBUG -D__CODE_RED -D__NEWLIB__ -DCORE_M0PLUS -D__MTB_BUFFER_SIZE=256 -D__USE_ROMDIVIDE -DCPP_USE_HEAP -D__LPC84X__ -I"C:\Users\notebook\Documents\INFO II 2023\TPO\TPO_INFOII\micro\LPC845_ADC\inc" -I"C:\Users\notebook\Documents\INFO II 2023\TPO\TPO_INFOII\micro\LPC845_ADC\src\UART0_Driver" -I"C:\Users\notebook\Documents\INFO II 2023\TPO\TPO_INFOII\micro\LPC845_ADC\src\ADC_Driver" -I"C:\Users\notebook\Documents\INFO II 2023\TPO\TPO_INFOII\micro\LPC845_ADC\src\TECLADO_Driver" -I"C:\Users\notebook\Documents\INFO II 2023\TPO\TPO_INFOII\micro\LPC845_ADC\src\UTILS\CALLBACK" -I"C:\Users\notebook\Documents\INFO II 2023\TPO\TPO_INFOII\micro\LPC845_ADC\src\GPIOF_Driver" -I"C:\Users\notebook\Documents\INFO II 2023\TPO\TPO_INFOII\micro\LPC845_ADC\src\TIMERSW_Driver" -I"C:\Users\notebook\Documents\INFO II 2023\TPO\TPO_INFOII\micro\LPC845_ADC\src\SYSTICK_Driver" -I"C:\Users\notebook\Documents\INFO II 2023\TPO\TPO_INFOII\micro\LPC845_ADC\src\GPIO_Driver" -O0 -fno-common -g3 -Wall -c -fmessage-length=0 -fno-builtin -ffunction-sections -fdata-sections -fno-rtti -fno-exceptions -fmerge-constants -fmacro-prefix-map="../src/"= -mcpu=cortex-m0 -mthumb -fstack-usage -MMD -MP -MF"src/cr_cpp_config.d" -MT"src/cr_cpp_config.o" -MT"src/cr_cpp_config.d" -o "src/cr_cpp_config.o" "../src/cr_cpp_config.cpp"
Finished building: ../src/GPIOF_Driver/GPIOF.cpp
 
Building file: ../src/cr_startup_lpc84x.cpp
Invoking: MCU C++ Compiler
arm-none-eabi-c++ -DDEBUG -D__CODE_RED -D__NEWLIB__ -DCORE_M0PLUS -D__MTB_BUFFER_SIZE=256 -D__USE_ROMDIVIDE -DCPP_USE_HEAP -D__LPC84X__ -I"C:\Users\notebook\Documents\INFO II 2023\TPO\TPO_INFOII\micro\LPC845_ADC\inc" -I"C:\Users\notebook\Documents\INFO II 2023\TPO\TPO_INFOII\micro\LPC845_ADC\src\UART0_Driver" -I"C:\Users\notebook\Documents\INFO II 2023\TPO\TPO_INFOII\micro\LPC845_ADC\src\ADC_Driver" -I"C:\Users\notebook\Documents\INFO II 2023\TPO\TPO_INFOII\micro\LPC845_ADC\src\TECLADO_Driver" -I"C:\Users\notebook\Documents\INFO II 2023\TPO\TPO_INFOII\micro\LPC845_ADC\src\UTILS\CALLBACK" -I"C:\Users\notebook\Documents\INFO II 2023\TPO\TPO_INFOII\micro\LPC845_ADC\src\GPIOF_Driver" -I"C:\Users\notebook\Documents\INFO II 2023\TPO\TPO_INFOII\micro\LPC845_ADC\src\TIMERSW_Driver" -I"C:\Users\notebook\Documents\INFO II 2023\TPO\TPO_INFOII\micro\LPC845_ADC\src\SYSTICK_Driver" -I"C:\Users\notebook\Documents\INFO II 2023\TPO\TPO_INFOII\micro\LPC845_ADC\src\GPIO_Driver" -O0 -fno-common -g3 -Wall -c -fmessage-length=0 -fno-builtin -ffunction-sections -fdata-sections -fno-rtti -fno-exceptions -fmerge-constants -fmacro-prefix-map="../src/"= -mcpu=cortex-m0 -mthumb -fstack-usage -MMD -MP -MF"src/cr_startup_lpc84x.d" -MT"src/cr_startup_lpc84x.o" -MT"src/cr_startup_lpc84x.d" -o "src/cr_startup_lpc84x.o" "../src/cr_startup_lpc84x.cpp"
Finished building: ../src/cr_cpp_config.cpp
 
../src/ADC_Driver/ADC.cpp: In function 'void ADC_SEQA_IRQHandler()':
../src/ADC_Driver/ADC.cpp:54:11: warning: unused variable 'Valor_Temporal' [-Wunused-variable]
   54 |  uint32_t Valor_Temporal;
      |           ^~~~~~~~~~~~~~
../src/ADC_Driver/ADC.cpp:57:11: warning: variable 'temp' set but not used [-Wunused-but-set-variable]
   57 |  uint32_t temp;
Building file: ../src/crp.c
      |           ^~~~
Invoking: MCU C Compiler
arm-none-eabi-gcc -DDEBUG -D__CODE_RED -D__NEWLIB__ -DCORE_M0PLUS -D__MTB_BUFFER_SIZE=256 -D__USE_ROMDIVIDE -DCPP_USE_HEAP -D__LPC84X__ -I"C:\Users\notebook\Documents\INFO II 2023\TPO\TPO_INFOII\micro\LPC845_ADC\inc" -I"C:\Users\notebook\Documents\INFO II 2023\TPO\TPO_INFOII\micro\LPC845_ADC\src\UTILS" -I"C:\Users\notebook\Documents\INFO II 2023\TPO\TPO_INFOII\micro\LPC845_ADC\src\SYSTICK_Driver" -I"C:\Users\notebook\Documents\INFO II 2023\TPO\TPO_INFOII\micro\LPC845_ADC\src\TECLADO_Driver" -I"C:\Users\notebook\Documents\INFO II 2023\TPO\TPO_INFOII\micro\LPC845_ADC\src\TIMERSW_Driver" -I"C:\Users\notebook\Documents\INFO II 2023\TPO\TPO_INFOII\micro\LPC845_ADC\src\GPIO_Driver" -I"C:\Users\notebook\Documents\INFO II 2023\TPO\TPO_INFOII\micro\LPC845_ADC\src\GPIOF_Driver" -I"C:\Users\notebook\Documents\INFO II 2023\TPO\TPO_INFOII\micro\LPC845_ADC\src\UART0_Driver" -O0 -fno-common -g3 -Wall -c -fmessage-length=0 -fno-builtin -ffunction-sections -fdata-sections -fmerge-constants -fmacro-prefix-map="../src/"= -mcpu=cortex-m0 -mthumb -fstack-usage -MMD -MP -MF"src/crp.d" -MT"src/crp.o" -MT"src/crp.d" -o "src/crp.o" "../src/crp.c"
Finished building: ../src/cr_startup_lpc84x.cpp
 
Building file: ../src/mainADC.cpp
Invoking: MCU C++ Compiler
arm-none-eabi-c++ -DDEBUG -D__CODE_RED -D__NEWLIB__ -DCORE_M0PLUS -D__MTB_BUFFER_SIZE=256 -D__USE_ROMDIVIDE -DCPP_USE_HEAP -D__LPC84X__ -I"C:\Users\notebook\Documents\INFO II 2023\TPO\TPO_INFOII\micro\LPC845_ADC\inc" -I"C:\Users\notebook\Documents\INFO II 2023\TPO\TPO_INFOII\micro\LPC845_ADC\src\UART0_Driver" -I"C:\Users\notebook\Documents\INFO II 2023\TPO\TPO_INFOII\micro\LPC845_ADC\src\ADC_Driver" -I"C:\Users\notebook\Documents\INFO II 2023\TPO\TPO_INFOII\micro\LPC845_ADC\src\TECLADO_Driver" -I"C:\Users\notebook\Documents\INFO II 2023\TPO\TPO_INFOII\micro\LPC845_ADC\src\UTILS\CALLBACK" -I"C:\Users\notebook\Documents\INFO II 2023\TPO\TPO_INFOII\micro\LPC845_ADC\src\GPIOF_Driver" -I"C:\Users\notebook\Documents\INFO II 2023\TPO\TPO_INFOII\micro\LPC845_ADC\src\TIMERSW_Driver" -I"C:\Users\notebook\Documents\INFO II 2023\TPO\TPO_INFOII\micro\LPC845_ADC\src\SYSTICK_Driver" -I"C:\Users\notebook\Documents\INFO II 2023\TPO\TPO_INFOII\micro\LPC845_ADC\src\GPIO_Driver" -O0 -fno-common -g3 -Wall -c -fmessage-length=0 -fno-builtin -ffunction-sections -fdata-sections -fno-rtti -fno-exceptions -fmerge-constants -fmacro-prefix-map="../src/"= -mcpu=cortex-m0 -mthumb -fstack-usage -MMD -MP -MF"src/mainADC.d" -MT"src/mainADC.o" -MT"src/mainADC.d" -o "src/mainADC.o" "../src/mainADC.cpp"
Finished building: ../src/ADC_Driver/ADC.cpp
 
Building file: ../src/mtb.c
Invoking: MCU C Compiler
arm-none-eabi-gcc -DDEBUG -D__CODE_RED -D__NEWLIB__ -DCORE_M0PLUS -D__MTB_BUFFER_SIZE=256 -D__USE_ROMDIVIDE -DCPP_USE_HEAP -D__LPC84X__ -I"C:\Users\notebook\Documents\INFO II 2023\TPO\TPO_INFOII\micro\LPC845_ADC\inc" -I"C:\Users\notebook\Documents\INFO II 2023\TPO\TPO_INFOII\micro\LPC845_ADC\src\UTILS" -I"C:\Users\notebook\Documents\INFO II 2023\TPO\TPO_INFOII\micro\LPC845_ADC\src\SYSTICK_Driver" -I"C:\Users\notebook\Documents\INFO II 2023\TPO\TPO_INFOII\micro\LPC845_ADC\src\TECLADO_Driver" -I"C:\Users\notebook\Documents\INFO II 2023\TPO\TPO_INFOII\micro\LPC845_ADC\src\TIMERSW_Driver" -I"C:\Users\notebook\Documents\INFO II 2023\TPO\TPO_INFOII\micro\LPC845_ADC\src\GPIO_Driver" -I"C:\Users\notebook\Documents\INFO II 2023\TPO\TPO_INFOII\micro\LPC845_ADC\src\GPIOF_Driver" -I"C:\Users\notebook\Documents\INFO II 2023\TPO\TPO_INFOII\micro\LPC845_ADC\src\UART0_Driver" -O0 -fno-common -g3 -Wall -c -fmessage-length=0 -fno-builtin -ffunction-sections -fdata-sections -fmerge-constants -fmacro-prefix-map="../src/"= -mcpu=cortex-m0 -mthumb -fstack-usage -MMD -MP -MF"src/mtb.d" -MT"src/mtb.o" -MT"src/mtb.d" -o "src/mtb.o" "../src/mtb.c"
Finished building: ../src/crp.c
 
Finished building: ../src/mtb.c
 
Finished building: ../src/SYSTICK_Driver/SYSTICK.cpp
 
Finished building: ../src/mainADC.cpp
 
Building target: LPC845_ADC.axf
Invoking: MCU C++ Linker
arm-none-eabi-c++ -nostdlib -Xlinker -Map="LPC845_ADC.map" -Xlinker --cref -Xlinker --gc-sections -Xlinker -print-memory-usage -mcpu=cortex-m0 -mthumb -T LPC845_ADC_Debug.ld -o "LPC845_ADC.axf" ./src/UTILS/CALLBACK/CALLBACK.o  ./src/UART0_Driver/uart0.o  ./src/TIMERSW_Driver/TIMERSW.o  ./src/TECLADO_Driver/teclado.o  ./src/SYSTICK_Driver/SYSTICK.o  ./src/GPIO_Driver/GPIO.o  ./src/GPIOF_Driver/GPIOF.o  ./src/ADC_Driver/ADC.o  ./src/aeabi_romdiv_patch.o ./src/cr_cpp_config.o ./src/cr_startup_lpc84x.o ./src/crp.o ./src/mainADC.o ./src/mtb.o   
Memory region         Used Size  Region Size  %age Used
        MFlash64:       54704 B        64 KB     83.47%
        RamLoc16:        3156 B        16 KB     19.26%
Finished building target: LPC845_ADC.axf
 
Performing post-build steps
arm-none-eabi-size "LPC845_ADC.axf"; # arm-none-eabi-objcopy -v -O binary "LPC845_ADC.axf" "LPC845_ADC.bin" ; # checksum -p LPC845 -d "LPC845_ADC.bin";
   text	   data	    bss	    dec	    hex	filename
  52216	   2488	    668	  55372	   d84c	LPC845_ADC.axf
 

00:19:01 Build Finished. 0 errors, 5 warnings. (took 6s.905ms)

