15:49:33 **** Incremental Build of configuration Debug for project clase8-8 ****
make -r -j4 all 
Building file: ../src/clase8-8.c
Invoking: MCU C Compiler
arm-none-eabi-gcc -DDEBUG -D__CODE_RED -DCORE_M0PLUS -D__MTB_BUFFER_SIZE=256 -D__USE_ROMDIVIDE -D__LPC84X__ -D__REDLIB__ -I"C:\Users\notebook\Documents\INFO II 2023\micro\pruebaLED\clase8-8\inc" -I"C:\Users\notebook\Documents\INFO II 2023\micro\pruebaLED\clase8-8\src\GPIO" -O0 -fno-common -g3 -Wall -c -fmessage-length=0 -fno-builtin -ffunction-sections -fdata-sections -fmerge-constants -fmacro-prefix-map="../src/"= -mcpu=cortex-m0 -mthumb -fstack-usage -specs=redlib.specs -MMD -MP -MF"src/clase8-8.d" -MT"src/clase8-8.o" -MT"src/clase8-8.d" -o "src/clase8-8.o" "../src/clase8-8.c"
In file included from C:\Users\notebook\Documents\INFO II 2023\micro\pruebaLED\clase8-8\inc/LPC845.h:140,
                 from C:\Users\notebook\Documents\INFO II 2023\micro\pruebaLED\clase8-8\inc/Defines.h:21,
                 from ../src/clase8-8.c:2:
C:\Users\notebook\Documents\INFO II 2023\micro\pruebaLED\clase8-8\inc/core_cm0plus.h: In function '__NVIC_DisableIRQ':
C:\Users\notebook\Documents\INFO II 2023\micro\pruebaLED\clase8-8\inc/core_cm0plus.h:772:5: warning: implicit declaration of function '__DSB' [-Wimplicit-function-declaration]
  772 |     __DSB();
      |     ^~~~~
C:\Users\notebook\Documents\INFO II 2023\micro\pruebaLED\clase8-8\inc/core_cm0plus.h:773:5: warning: implicit declaration of function '__ISB' [-Wimplicit-function-declaration]
  773 |     __ISB();
      |     ^~~~~
C:\Users\notebook\Documents\INFO II 2023\micro\pruebaLED\clase8-8\inc/core_cm0plus.h: In function '__NVIC_SystemReset':
C:\Users\notebook\Documents\INFO II 2023\micro\pruebaLED\clase8-8\inc/core_cm0plus.h:931:5: warning: implicit declaration of function '__NOP' [-Wimplicit-function-declaration]
  931 |     __NOP();
      |     ^~~~~
Finished building: ../src/clase8-8.c
 
Building target: clase8-8.axf
Invoking: MCU Linker
arm-none-eabi-gcc -nostdlib -Xlinker -Map="clase8-8.map" -Xlinker --cref -Xlinker --gc-sections -Xlinker -print-memory-usage -mcpu=cortex-m0 -mthumb -T clase8-8_Debug.ld -o "clase8-8.axf" ./src/GPIO/GPIO.o  ./src/aeabi_romdiv_patch.o ./src/clase8-8.o ./src/cr_startup_lpc84x.o ./src/crp.o ./src/mtb.o   
Memory region         Used Size  Region Size  %age Used
        MFlash64:        1096 B        64 KB      1.67%
        RamLoc16:         264 B        16 KB      1.61%
Finished building target: clase8-8.axf
 
Performing post-build steps
arm-none-eabi-size "clase8-8.axf"; # arm-none-eabi-objcopy -v -O binary "clase8-8.axf" "clase8-8.bin" ; # checksum -p LPC845 -d "clase8-8.bin";
   text	   data	    bss	    dec	    hex	filename
   1096	      0	    264	   1360	    550	clase8-8.axf
 

15:49:34 Build Finished. 0 errors, 3 warnings. (took 1s.243ms)

