20:40:48 **** Incremental Build of configuration Debug for project LPC845_GPIO_Parpadeo_Led ****
make -r -j4 all 
Building file: ../src/GPIO/GPIO.c
Building file: ../src/Parpadeo_Led.c
Building file: ../src/aeabi_romdiv_patch.s
Invoking: MCU C Compiler
Invoking: MCU C Compiler
Building file: ../src/cr_startup_lpc84x.c
arm-none-eabi-gcc -DDEBUG -D__CODE_RED -DCORE_M0PLUS -D__MTB_BUFFER_SIZE=256 -D__USE_ROMDIVIDE -D__LPC84X__ -D__REDLIB__ -I"C:\Users\notebook\Documents\INFO II 2023\micro\LPC845_GPIO_Parpadeo_Led\inc" -I"C:\Users\notebook\Documents\INFO II 2023\micro\LPC845_GPIO_Parpadeo_Led\src\GPIO" -O0 -fno-common -g3 -Wall -c -fmessage-length=0 -fno-builtin -ffunction-sections -fdata-sections -fmerge-constants -fmacro-prefix-map="../src/GPIO/"= -mcpu=cortex-m0 -mthumb -fstack-usage -specs=redlib.specs -MMD -MP -MF"src/GPIO/GPIO.d" -MT"src/GPIO/GPIO.o" -MT"src/GPIO/GPIO.d" -o "src/GPIO/GPIO.o" "../src/GPIO/GPIO.c"
arm-none-eabi-gcc -DDEBUG -D__CODE_RED -DCORE_M0PLUS -D__MTB_BUFFER_SIZE=256 -D__USE_ROMDIVIDE -D__LPC84X__ -D__REDLIB__ -I"C:\Users\notebook\Documents\INFO II 2023\micro\LPC845_GPIO_Parpadeo_Led\inc" -I"C:\Users\notebook\Documents\INFO II 2023\micro\LPC845_GPIO_Parpadeo_Led\src\GPIO" -O0 -fno-common -g3 -Wall -c -fmessage-length=0 -fno-builtin -ffunction-sections -fdata-sections -fmerge-constants -fmacro-prefix-map="../src/"= -mcpu=cortex-m0 -mthumb -fstack-usage -specs=redlib.specs -MMD -MP -MF"src/Parpadeo_Led.d" -MT"src/Parpadeo_Led.o" -MT"src/Parpadeo_Led.d" -o "src/Parpadeo_Led.o" "../src/Parpadeo_Led.c"
Invoking: MCU Assembler
arm-none-eabi-gcc -c -x assembler-with-cpp -DDEBUG -D__CODE_RED -DCORE_M0PLUS -D__USE_ROMDIVIDE -D__LPC84X__ -D__REDLIB__ -I"C:\Users\notebook\Documents\INFO II 2023\micro\LPC845_GPIO_Parpadeo_Led\inc" -g3 -mcpu=cortex-m0 -mthumb -specs=redlib.specs -o "src/aeabi_romdiv_patch.o" "../src/aeabi_romdiv_patch.s"
Invoking: MCU C Compiler
arm-none-eabi-gcc -DDEBUG -D__CODE_RED -DCORE_M0PLUS -D__MTB_BUFFER_SIZE=256 -D__USE_ROMDIVIDE -D__LPC84X__ -D__REDLIB__ -I"C:\Users\notebook\Documents\INFO II 2023\micro\LPC845_GPIO_Parpadeo_Led\inc" -I"C:\Users\notebook\Documents\INFO II 2023\micro\LPC845_GPIO_Parpadeo_Led\src\GPIO" -O0 -fno-common -g3 -Wall -c -fmessage-length=0 -fno-builtin -ffunction-sections -fdata-sections -fmerge-constants -fmacro-prefix-map="../src/"= -mcpu=cortex-m0 -mthumb -fstack-usage -specs=redlib.specs -MMD -MP -MF"src/cr_startup_lpc84x.d" -MT"src/cr_startup_lpc84x.o" -MT"src/cr_startup_lpc84x.d" -o "src/cr_startup_lpc84x.o" "../src/cr_startup_lpc84x.c"
In file included from C:\Users\notebook\Documents\INFO II 2023\micro\LPC845_GPIO_Parpadeo_Led\inc/LPC845.h:140,
                 from C:\Users\notebook\Documents\INFO II 2023\micro\LPC845_GPIO_Parpadeo_Led\inc/Defines.h:21,
                 from ../src/GPIO/GPIO.c:8:
C:\Users\notebook\Documents\INFO II 2023\micro\LPC845_GPIO_Parpadeo_Led\inc/core_cm0plus.h: In function '__NVIC_DisableIRQ':
C:\Users\notebook\Documents\INFO II 2023\micro\LPC845_GPIO_Parpadeo_Led\inc/core_cm0plus.h:772:5: warning: implicit declaration of function '__DSB' [-Wimplicit-function-declaration]
  772 |     __DSB();
      |     ^~~~~
C:\Users\notebook\Documents\INFO II 2023\micro\LPC845_GPIO_Parpadeo_Led\inc/core_cm0plus.h:773:5: warning: implicit declaration of function '__ISB' [-Wimplicit-function-declaration]
  773 |     __ISB();
      |     ^~~~~
C:\Users\notebook\Documents\INFO II 2023\micro\LPC845_GPIO_Parpadeo_Led\inc/core_cm0plus.h: In function '__NVIC_SystemReset':
C:\Users\notebook\Documents\INFO II 2023\micro\LPC845_GPIO_Parpadeo_Led\inc/core_cm0plus.h:931:5: warning: implicit declaration of function '__NOP' [-Wimplicit-function-declaration]
  931 |     __NOP();
      |     ^~~~~
In file included from C:\Users\notebook\Documents\INFO II 2023\micro\LPC845_GPIO_Parpadeo_Led\inc/LPC845.h:140,
                 from C:\Users\notebook\Documents\INFO II 2023\micro\LPC845_GPIO_Parpadeo_Led\inc/Defines.h:21,
                 from ../src/Parpadeo_Led.c:2:
C:\Users\notebook\Documents\INFO II 2023\micro\LPC845_GPIO_Parpadeo_Led\inc/core_cm0plus.h: In function '__NVIC_DisableIRQ':
C:\Users\notebook\Documents\INFO II 2023\micro\LPC845_GPIO_Parpadeo_Led\inc/core_cm0plus.h:772:5: warning: implicit declaration of function '__DSB' [-Wimplicit-function-declaration]
  772 |     __DSB();
      |     ^~~~~
C:\Users\notebook\Documents\INFO II 2023\micro\LPC845_GPIO_Parpadeo_Led\inc/core_cm0plus.h:773:5: warning: implicit declaration of function '__ISB' [-Wimplicit-function-declaration]
  773 |     __ISB();
      |     ^~~~~
C:\Users\notebook\Documents\INFO II 2023\micro\LPC845_GPIO_Parpadeo_Led\inc/core_cm0plus.h: In function '__NVIC_SystemReset':
C:\Users\notebook\Documents\INFO II 2023\micro\LPC845_GPIO_Parpadeo_Led\inc/core_cm0plus.h:931:5: warning: implicit declaration of function '__NOP' [-Wimplicit-function-declaration]
  931 |     __NOP();
      |     ^~~~~
../src/Parpadeo_Led.c: In function 'main':
../src/Parpadeo_Led.c:16:24: warning: unused variable 'flag' [-Wunused-variable]
   16 |  uint32_t i, cont = 0, flag = 0;
      |                        ^~~~
../src/Parpadeo_Led.c:16:14: warning: unused variable 'cont' [-Wunused-variable]
   16 |  uint32_t i, cont = 0, flag = 0;
      |              ^~~~
Finished building: ../src/aeabi_romdiv_patch.s
Finished building: ../src/GPIO/GPIO.c
Finished building: ../src/Parpadeo_Led.c
 
 
 
Finished building: ../src/cr_startup_lpc84x.c
Building file: ../src/crp.c
Building file: ../src/mtb.c
 
Invoking: MCU C Compiler
arm-none-eabi-gcc -DDEBUG -D__CODE_RED -DCORE_M0PLUS -D__MTB_BUFFER_SIZE=256 -D__USE_ROMDIVIDE -D__LPC84X__ -D__REDLIB__ -I"C:\Users\notebook\Documents\INFO II 2023\micro\LPC845_GPIO_Parpadeo_Led\inc" -I"C:\Users\notebook\Documents\INFO II 2023\micro\LPC845_GPIO_Parpadeo_Led\src\GPIO" -O0 -fno-common -g3 -Wall -c -fmessage-length=0 -fno-builtin -ffunction-sections -fdata-sections -fmerge-constants -fmacro-prefix-map="../src/"= -mcpu=cortex-m0 -mthumb -fstack-usage -specs=redlib.specs -MMD -MP -MF"src/crp.d" -MT"src/crp.o" -MT"src/crp.d" -o "src/crp.o" "../src/crp.c"
Invoking: MCU C Compiler
arm-none-eabi-gcc -DDEBUG -D__CODE_RED -DCORE_M0PLUS -D__MTB_BUFFER_SIZE=256 -D__USE_ROMDIVIDE -D__LPC84X__ -D__REDLIB__ -I"C:\Users\notebook\Documents\INFO II 2023\micro\LPC845_GPIO_Parpadeo_Led\inc" -I"C:\Users\notebook\Documents\INFO II 2023\micro\LPC845_GPIO_Parpadeo_Led\src\GPIO" -O0 -fno-common -g3 -Wall -c -fmessage-length=0 -fno-builtin -ffunction-sections -fdata-sections -fmerge-constants -fmacro-prefix-map="../src/"= -mcpu=cortex-m0 -mthumb -fstack-usage -specs=redlib.specs -MMD -MP -MF"src/mtb.d" -MT"src/mtb.o" -MT"src/mtb.d" -o "src/mtb.o" "../src/mtb.c"
Finished building: ../src/crp.c
Finished building: ../src/mtb.c
 
 
Building target: LPC845_GPIO_Parpadeo_Led.axf
Invoking: MCU Linker
arm-none-eabi-gcc -nostdlib -Xlinker -Map="LPC845_GPIO_Parpadeo_Led.map" -Xlinker --gc-sections -Xlinker -print-memory-usage -mcpu=cortex-m0 -mthumb -T LPC845_GPIO_Parpadeo_Led_Debug.ld -o "LPC845_GPIO_Parpadeo_Led.axf" ./src/GPIO/GPIO.o  ./src/Parpadeo_Led.o ./src/aeabi_romdiv_patch.o ./src/cr_startup_lpc84x.o ./src/crp.o ./src/mtb.o   
Memory region         Used Size  Region Size  %age Used
        MFlash64:        2676 B        64 KB      4.08%
        RamLoc16:         748 B        16 KB      4.57%
Finished building target: LPC845_GPIO_Parpadeo_Led.axf
 
Performing post-build steps
arm-none-eabi-size "LPC845_GPIO_Parpadeo_Led.axf"; # arm-none-eabi-objcopy -v -O binary "LPC845_GPIO_Parpadeo_Led.axf" "LPC845_GPIO_Parpadeo_Led.bin" ; # checksum -p LPC845 -d "LPC845_GPIO_Parpadeo_Led.bin";
   text	   data	    bss	    dec	    hex	filename
   2676	      0	    748	   3424	    d60	LPC845_GPIO_Parpadeo_Led.axf
 

20:40:50 Build Finished. 0 errors, 8 warnings. (took 1s.759ms)

